<?xml version="1.0" encoding="UTF-8"?>
<!-- Generated by org.testng.reporters.JUnitXMLReporter -->
<testsuite ignored="0" hostname="Srinu" failures="1" tests="1" name="edgetest" time="23.019" errors="0" timestamp="2025-03-06T17:12:08 IST">
  <testcase classname="TestCases.TC_001opencartRegistartion" name="homepage" time="14.535">
    <failure type="java.lang.AssertionError" message="expected [true] but found [false]">
      <![CDATA[java.lang.AssertionError: expected [true] but found [false]
at TestCases.TC_001opencartRegistartion.homepage(TC_001opencartRegistartion.java:35)
at java.base/java.util.ArrayList.forEach(ArrayList.java:1511)
at java.base/java.util.concurrent.FutureTask.run(FutureTask.java:264)
at java.base/java.util.concurrent.ThreadPoolExecutor.runWorker(ThreadPoolExecutor.java:1136)
at java.base/java.util.concurrent.ThreadPoolExecutor$Worker.run(ThreadPoolExecutor.java:635)
at java.base/java.lang.Thread.run(Thread.java:840)
... Removed 21 stack frames]]>
    </failure>
  </testcase> <!-- homepage -->
</testsuite> <!-- edgetest -->
