<?xml version="1.0" encoding="UTF-8"?>
<!-- Generated by org.testng.reporters.JUnitXMLReporter -->
<testsuite ignored="0" hostname="Srinu" failures="0" tests="7" name="OrangeHRMSuite" time="6.332" errors="0" timestamp="2025-01-25T17:22:57 IST">
  <testcase classname="Testng_practice.OrangeHRMTest" name="openapp" time="4.208"/>
  <testcase classname="Testng_practice.OrangeHRMTest" name="verifylogo" time="0.586"/>
  <testcase classname="Testng_practice.OrangeHRMTest" name="login" time="1.42"/>
  <testcase classname="Testng_practice.OrangeHRMTest" name="closeapp" time="0.068"/>
  <testcase classname="Testng_practice.FirstTestcase" name="launchtheapplication" time="0.002"/>
  <testcase classname="Testng_practice.FirstTestcase" name="login" time="0.001"/>
  <testcase classname="Testng_practice.FirstTestcase" name="logout" time="0.002"/>
</testsuite> <!-- OrangeHRMSuite -->
