<?xml version="1.0" encoding="UTF-8"?>
<!-- Generated by org.testng.reporters.JUnitXMLReporter -->
<testsuite ignored="2" hostname="Srinu" failures="0" tests="1" name="Test" time="12.316" errors="0" timestamp="2025-03-07T17:08:09 IST">
  <testcase classname="TestCases.TC_001opencartRegistartion" name="homepage" time="5.319"/>
  <testcase classname="TestCases.TC_003OpencartLoginDDT" name="verify_LoginDDT" time="0.0">
    <ignored/>
  </testcase> <!-- verify_LoginDDT -->
  <testcase classname="TestCases.Tc_002OpencartLogin" name="verify_Login" time="0.0">
    <ignored/>
  </testcase> <!-- verify_Login -->
</testsuite> <!-- Test -->
