<?xml version="1.0" encoding="UTF-8"?>
<!-- Generated by org.testng.reporters.JUnitXMLReporter -->
<testsuite ignored="0" hostname="Srinu" failures="1" tests="5" name="Test" time="47.581" errors="0" timestamp="2025-03-05T12:42:04 IST">
  <testcase classname="TestCases.TC_003OpencartLoginDDT" name="verify_LoginDDT" time="1.326"/>
  <testcase classname="TestCases.TC_003OpencartLoginDDT" name="verify_LoginDDT" time="10.702"/>
  <testcase classname="TestCases.TC_003OpencartLoginDDT" name="verify_LoginDDT" time="10.709"/>
  <testcase classname="TestCases.TC_003OpencartLoginDDT" name="verify_LoginDDT" time="10.791">
    <failure type="java.lang.AssertionError" message="Test Failed: Expected successful login but login failed.">
      <![CDATA[java.lang.AssertionError: Test Failed: Expected successful login but login failed.
at TestCases.TC_003OpencartLoginDDT.verify_LoginDDT(TC_003OpencartLoginDDT.java:41)
at java.base/java.util.ArrayList.forEach(ArrayList.java:1511)
... Removed 28 stack frames]]>
    </failure>
  </testcase> <!-- verify_LoginDDT -->
  <testcase classname="TestCases.TC_003OpencartLoginDDT" name="verify_LoginDDT" time="10.719"/>
</testsuite> <!-- Test -->
