<?xml version="1.0" encoding="UTF-8"?>
<!-- Generated by org.testng.reporters.JUnitXMLReporter -->
<testsuite ignored="0" hostname="Srinu" failures="1" tests="1" name="Test(failed)" time="19.762" errors="0" timestamp="2025-03-05T18:42:33 IST">
  <testcase classname="TestCases.Tc_002OpencartLogin" name="verify_Login" time="12.514">
    <failure type="java.lang.AssertionError" message="expected [true] but found [false]">
      <![CDATA[java.lang.AssertionError: expected [true] but found [false]
at TestCases.Tc_002OpencartLogin.verify_Login(Tc_002OpencartLogin.java:26)
at java.base/java.util.ArrayList.forEach(ArrayList.java:1511)
... Removed 31 stack frames]]>
    </failure>
  </testcase> <!-- verify_Login -->
</testsuite> <!-- Test(failed) -->
