<?xml version="1.0" encoding="UTF-8"?>
<testng-results ignored="0" total="1" passed="1" failed="0" skipped="0">
  <reporter-output>
  </reporter-output>
  <suite started-at="2025-02-18T18:18:50 IST" name="Suite" finished-at="2025-02-18T18:19:11 IST" duration-ms="20788">
    <groups>
    </groups>
    <test started-at="2025-02-18T18:18:50 IST" name="Test" finished-at="2025-02-18T18:19:11 IST" duration-ms="20788">
      <class name="TestCases.TC_001Loginpage">
        <test-method is-config="true" signature="setup(java.lang.String,java.lang.String)[pri:0, instance:TestCases.TC_001Loginpage@70e9c95d]" started-at="2025-02-18T18:18:50 IST" name="setup" finished-at="2025-02-18T18:19:08 IST" duration-ms="18108" status="PASS">
          <params>
            <param index="0">
              <value>
                <![CDATA[linux]]>
              </value>
            </param>
            <param index="1">
              <value>
                <![CDATA[chrome]]>
              </value>
            </param>
          </params>
          <reporter-output>
          </reporter-output>
        </test-method> <!-- setup -->
        <test-method signature="loginpage()[pri:0, instance:TestCases.TC_001Loginpage@70e9c95d]" started-at="2025-02-18T18:19:08 IST" name="loginpage" finished-at="2025-02-18T18:19:10 IST" duration-ms="2227" status="PASS">
          <reporter-output>
          </reporter-output>
        </test-method> <!-- loginpage -->
        <test-method is-config="true" signature="teardown()[pri:0, instance:TestCases.TC_001Loginpage@70e9c95d]" started-at="2025-02-18T18:19:10 IST" name="teardown" finished-at="2025-02-18T18:19:11 IST" duration-ms="392" status="PASS">
          <reporter-output>
          </reporter-output>
        </test-method> <!-- teardown -->
      </class> <!-- TestCases.TC_001Loginpage -->
    </test> <!-- Test -->
  </suite> <!-- Suite -->
</testng-results>
