<?xml version="1.0" encoding="UTF-8"?>
<testng-results ignored="0" total="1" passed="1" failed="0" skipped="0">
  <reporter-output>
  </reporter-output>
  <suite started-at="2025-02-26T17:02:26 IST" name="Default suite" finished-at="2025-02-26T17:02:34 IST" duration-ms="8134">
    <groups>
    </groups>
    <test started-at="2025-02-26T17:02:26 IST" name="Default test" finished-at="2025-02-26T17:02:34 IST" duration-ms="8134">
      <class name="TestCases.TC_001opencartRegistartion">
        <test-method is-config="true" signature="setup()[pri:0, instance:TestCases.TC_001opencartRegistartion@909217e]" started-at="2025-02-26T17:02:26 IST" name="setup" finished-at="2025-02-26T17:02:29 IST" duration-ms="3241" status="PASS">
          <reporter-output>
          </reporter-output>
        </test-method> <!-- setup -->
        <test-method signature="homepage()[pri:0, instance:TestCases.TC_001opencartRegistartion@909217e]" started-at="2025-02-26T17:02:29 IST" name="homepage" finished-at="2025-02-26T17:02:34 IST" duration-ms="4593" status="PASS">
          <reporter-output>
          </reporter-output>
        </test-method> <!-- homepage -->
        <test-method is-config="true" signature="teardown()[pri:0, instance:TestCases.TC_001opencartRegistartion@909217e]" started-at="2025-02-26T17:02:34 IST" name="teardown" finished-at="2025-02-26T17:02:34 IST" duration-ms="246" status="PASS">
          <reporter-output>
          </reporter-output>
        </test-method> <!-- teardown -->
      </class> <!-- TestCases.TC_001opencartRegistartion -->
    </test> <!-- Default test -->
  </suite> <!-- Default suite -->
</testng-results>
